<?xml version="1.0" encoding="UTF-8"?>
<testsuite name="expo.modules.blockpornavpn.IpWireTest" tests="4" skipped="0" failures="0" errors="0" timestamp="2026-09-20T05:59:25.694Z" hostname="kennethhy-B450-AORUS-PRO-WIFI" time="0.002">
  <properties/>
  <testcase name="icmp port unreachable echoes the offending packet" classname="expo.modules.blockpornavpn.IpWireTest" time="0.001"/>
  <testcase name="reply swaps addresses and carries a valid udp checksum" classname="expo.modules.blockpornavpn.IpWireTest" time="0.001"/>
  <testcase name="rejects a packet that claims to be longer than it is" classname="expo.modules.blockpornavpn.IpWireTest" time="0.0"/>
  <testcase name="parses an ipv4 udp packet" classname="expo.modules.blockpornavpn.IpWireTest" time="0.0"/>
  <system-out><![CDATA[]]></system-out>
  <system-err><![CDATA[]]></system-err>
</testsuite>
