<?xml version="1.0" encoding="UTF-8"?>
<testsuite name="expo.modules.blockpornavpn.DomainRulesTest" tests="7" skipped="0" failures="0" errors="0" timestamp="2026-09-20T05:59:25.660Z" hostname="kennethhy-B450-AORUS-PRO-WIFI" time="0.031">
  <properties/>
  <testcase name="blocks a domain and everything under it" classname="expo.modules.blockpornavpn.DomainRulesTest" time="0.026"/>
  <testcase name="a downloaded list is rewritten as plain deduplicated domains" classname="expo.modules.blockpornavpn.DomainRulesTest" time="0.001"/>
  <testcase name="trailing dots and case do not matter" classname="expo.modules.blockpornavpn.DomainRulesTest" time="0.001"/>
  <testcase name="an unreadable file does not stop protection" classname="expo.modules.blockpornavpn.DomainRulesTest" time="0.0"/>
  <testcase name="the allowlist wins over the blocklist" classname="expo.modules.blockpornavpn.DomainRulesTest" time="0.001"/>
  <testcase name="domains from the user are normalised too" classname="expo.modules.blockpornavpn.DomainRulesTest" time="0.001"/>
  <testcase name="normalises every list format it claims to support" classname="expo.modules.blockpornavpn.DomainRulesTest" time="0.001"/>
  <system-out><![CDATA[]]></system-out>
  <system-err><![CDATA[]]></system-err>
</testsuite>
