<?xml version="1.0" encoding="UTF-8"?>
<testsuite name="expo.modules.blockpornavpn.DnsWireTest" tests="8" skipped="0" failures="0" errors="0" timestamp="2026-09-20T05:59:25.635Z" hostname="kennethhy-B450-AORUS-PRO-WIFI" time="0.022">
  <properties/>
  <testcase name="reads the question of a query" classname="expo.modules.blockpornavpn.DnsWireTest" time="0.01"/>
  <testcase name="only positive answers are cached" classname="expo.modules.blockpornavpn.DnsWireTest" time="0.001"/>
  <testcase name="keeps unusual queries away from the matcher" classname="expo.modules.blockpornavpn.DnsWireTest" time="0.0"/>
  <testcase name="sinkhole answer points at 0_0_0_0" classname="expo.modules.blockpornavpn.DnsWireTest" time="0.01"/>
  <testcase name="nxdomain answer carries the rcode" classname="expo.modules.blockpornavpn.DnsWireTest" time="0.0"/>
  <testcase name="sinkhole answer for aaaa is all zeroes" classname="expo.modules.blockpornavpn.DnsWireTest" time="0.0"/>
  <testcase name="nodata answer has no records and keeps the question" classname="expo.modules.blockpornavpn.DnsWireTest" time="0.0"/>
  <testcase name="edns payload size is clamped to the tunnel mtu" classname="expo.modules.blockpornavpn.DnsWireTest" time="0.0"/>
  <system-out><![CDATA[]]></system-out>
  <system-err><![CDATA[]]></system-err>
</testsuite>
